<?xml version="1.0" encoding="utf-8"?><testsuites name="pytest tests"><testsuite name="pytest" errors="0" failures="0" skipped="0" tests="3" time="0.620" timestamp="2025-09-25T16:53:49.447328-05:00" hostname="BOGDFPCGMP5737"><testcase classname="backend.tests.test_api_aona.TestApiAona" name="test_login_usuario_exitoso" time="0.041" /><testcase classname="backend.tests.test_api_aona.TestApiAona" name="test_login_usuario_fallido" time="0.006" /><testcase classname="backend.tests.test_api_aona.TestApiAona" name="test_registro_usuario_exitoso" time="0.005" /></testsuite></testsuites>