<?xml version="1.0" encoding="utf-8"?><testsuites name="pytest tests"><testsuite name="pytest" errors="0" failures="0" skipped="0" tests="4" time="0.560" timestamp="2025-09-25T17:16:04.373277-05:00" hostname="BOGDFPCGMP5737"><testcase classname="backend.tests.test_api_aona.TestApiAona" name="test_login_usuario_exitoso" time="0.018" /><testcase classname="backend.tests.test_api_aona.TestApiAona" name="test_login_usuario_fallido" time="0.004" /><testcase classname="backend.tests.test_api_aona.TestApiAona" name="test_registro_usuario_exitoso" time="0.012" /><testcase classname="backend.tests.test_registro.TestRegistroUsuario" name="test_registro_usuario_exitoso" time="0.012" /></testsuite></testsuites>